<?xml version="1.0" encoding="UTF-8"?>
<testsuite name="com.telran.qa28.skelon.tests.CardCreationTest" tests="3" skipped="0" failures="0" errors="0" timestamp="2021-08-19T20:14:03" hostname="DESKTOP-V8HD5F2" time="38.54">
  <properties/>
  <testcase name="testCardCreation" classname="com.telran.qa28.skelon.tests.CardCreationTest" time="4.526"/>
  <testcase name="testCardCreationDP[0](a, red)" classname="com.telran.qa28.skelon.tests.CardCreationTest" time="2.006"/>
  <testcase name="testCardCreationDP[1](123456, green)" classname="com.telran.qa28.skelon.tests.CardCreationTest" time="2.778"/>
  <system-out><![CDATA[23:14:00 INFO  c.telran.qa28.skelon.tests.TestBase - Test testCardCreation started with parametres - []
23:14:00 INFO  c.t.q.s.tests.TestBase$MyListener - Start search element By.xpath: //*[@data-test-id='header-member-menu-button']
23:14:00 INFO  c.t.q.s.tests.TestBase$MyListener - Element By.xpath: //*[@data-test-id='header-member-menu-button'] found
23:14:00 INFO  c.t.q.s.tests.TestBase$MyListener - Start search element By.xpath: //*[contains(@class, 'boards-page-board-section-header-icon-default-image')]/../../../..//li
23:14:00 INFO  c.t.q.s.tests.TestBase$MyListener - Element By.xpath: //*[contains(@class, 'boards-page-board-section-header-icon-default-image')]/../../../..//li found
23:14:03 INFO  c.t.q.s.tests.TestBase$MyListener - Start search element By.xpath: //*[contains(@class, 'boards-page-board-section-header-icon-default-image')]/../../../..//li
23:14:03 INFO  c.t.q.s.tests.TestBase$MyListener - Element By.xpath: //*[contains(@class, 'boards-page-board-section-header-icon-default-image')]/../../../..//li found
23:14:03 INFO  c.t.q.s.tests.TestBase$MyListener - Start search element By.xpath: //*[contains(@class, 'boards-page-board-section-header-icon-default-image')]/../../../..//li
23:14:03 INFO  c.t.q.s.tests.TestBase$MyListener - Element By.xpath: //*[contains(@class, 'boards-page-board-section-header-icon-default-image')]/../../../..//li found
23:14:03 INFO  c.t.q.s.tests.TestBase$MyListener - Start search element By.cssSelector: .placeholder
23:14:04 INFO  c.t.q.s.tests.TestBase$MyListener - Element By.cssSelector: .placeholder found
23:14:04 INFO  c.t.q.s.tests.TestBase$MyListener - Start search element By.cssSelector: .js-add-a-card
23:14:05 INFO  c.t.q.s.tests.TestBase$MyListener - Element By.cssSelector: .js-add-a-card found
23:14:05 INFO  c.t.q.s.tests.TestBase$MyListener - Start search element By.cssSelector: .js-card-title
23:14:05 INFO  c.t.q.s.tests.TestBase$MyListener - Element By.cssSelector: .js-card-title found
23:14:05 INFO  c.t.q.s.tests.TestBase$MyListener - Start search element By.cssSelector: .js-card-title
23:14:05 INFO  c.t.q.s.tests.TestBase$MyListener - Element By.cssSelector: .js-card-title found
23:14:06 INFO  c.t.q.s.tests.TestBase$MyListener - Start search element By.cssSelector: .js-card-title
23:14:06 INFO  c.t.q.s.tests.TestBase$MyListener - Element By.cssSelector: .js-card-title found
23:14:06 INFO  c.t.q.s.tests.TestBase$MyListener - Start search element By.cssSelector: .js-cc-menu
23:14:06 INFO  c.t.q.s.tests.TestBase$MyListener - Element By.cssSelector: .js-cc-menu found
23:14:06 INFO  c.t.q.s.tests.TestBase$MyListener - Start search element By.cssSelector: .js-label-selector
23:14:06 INFO  c.t.q.s.tests.TestBase$MyListener - Element By.cssSelector: .js-label-selector found
23:14:06 INFO  c.t.q.s.tests.TestBase$MyListener - Start search element By.cssSelector: .card-label-purple
23:14:06 INFO  c.t.q.s.tests.TestBase$MyListener - Element By.cssSelector: .card-label-purple found
23:14:06 INFO  c.t.q.s.tests.TestBase$MyListener - Start search element By.cssSelector: input[value='Add card']
23:14:06 INFO  c.t.q.s.tests.TestBase$MyListener - Element By.cssSelector: input[value='Add card'] found
23:14:06 INFO  c.t.q.s.tests.TestBase$MyListener - Start search element By.cssSelector: .js-card-title
23:14:06 INFO  c.t.q.s.tests.TestBase$MyListener - Element By.cssSelector: .js-card-title found
23:14:07 INFO  c.t.q.s.tests.TestBase$MyListener - Start search element By.cssSelector: .js-card-title
23:14:07 INFO  c.t.q.s.tests.TestBase$MyListener - Element By.cssSelector: .js-card-title found
23:14:07 INFO  c.t.q.s.tests.TestBase$MyListener - Start search element By.cssSelector: .js-card-title
23:14:07 INFO  c.t.q.s.tests.TestBase$MyListener - Element By.cssSelector: .js-card-title found
23:14:07 INFO  c.t.q.s.tests.TestBase$MyListener - Start search element By.cssSelector: .js-cc-menu
23:14:07 INFO  c.t.q.s.tests.TestBase$MyListener - Element By.cssSelector: .js-cc-menu found
23:14:07 INFO  c.t.q.s.tests.TestBase$MyListener - Start search element By.cssSelector: .js-label-selector
23:14:07 INFO  c.t.q.s.tests.TestBase$MyListener - Element By.cssSelector: .js-label-selector found
23:14:07 INFO  c.t.q.s.tests.TestBase$MyListener - Start search element By.cssSelector: input[value='Add card']
23:14:07 INFO  c.t.q.s.tests.TestBase$MyListener - Element By.cssSelector: input[value='Add card'] found
23:14:07 INFO  c.telran.qa28.skelon.tests.TestBase - Test testCardCreation finished
23:14:07 INFO  c.telran.qa28.skelon.tests.TestBase - Test testCardCreationDP started with parametres - [a, red]
23:14:07 INFO  c.t.q.s.tests.TestBase$MyListener - Start search element By.xpath: //*[@data-test-id='header-member-menu-button']
23:14:07 INFO  c.t.q.s.tests.TestBase$MyListener - Element By.xpath: //*[@data-test-id='header-member-menu-button'] found
23:14:07 INFO  c.t.q.s.tests.TestBase$MyListener - Start search element By.xpath: //*[contains(@class, 'boards-page-board-section-header-icon-default-image')]/../../../..//li
23:14:18 INFO  c.t.q.s.tests.TestBase$MyListener - Element By.xpath: //*[contains(@class, 'boards-page-board-section-header-icon-default-image')]/../../../..//li found
23:14:18 INFO  c.t.q.s.tests.TestBase$MyListener - Start search element By.cssSelector: [aria-label='HouseIcon']
23:14:18 INFO  c.t.q.s.tests.TestBase$MyListener - Element By.cssSelector: [aria-label='HouseIcon'] found
23:14:18 INFO  c.t.q.s.tests.TestBase$MyListener - Start search element By.cssSelector: [aria-label='HouseIcon']
23:14:19 INFO  c.t.q.s.tests.TestBase$MyListener - Element By.cssSelector: [aria-label='HouseIcon'] found
23:14:23 INFO  c.t.q.s.tests.TestBase$MyListener - Start search element By.xpath: //*[contains(@class, 'boards-page-board-section-header-icon-default-image')]/../../../..//li
23:14:23 INFO  c.t.q.s.tests.TestBase$MyListener - Element By.xpath: //*[contains(@class, 'boards-page-board-section-header-icon-default-image')]/../../../..//li found
23:14:23 INFO  c.t.q.s.tests.TestBase$MyListener - Start search element By.xpath: //*[contains(@class, 'boards-page-board-section-header-icon-default-image')]/../../../..//li
23:14:23 INFO  c.t.q.s.tests.TestBase$MyListener - Element By.xpath: //*[contains(@class, 'boards-page-board-section-header-icon-default-image')]/../../../..//li found
23:14:24 INFO  c.t.q.s.tests.TestBase$MyListener - Start search element By.cssSelector: .placeholder
23:14:24 INFO  c.t.q.s.tests.TestBase$MyListener - Element By.cssSelector: .placeholder found
23:14:24 INFO  c.t.q.s.tests.TestBase$MyListener - Start search element By.cssSelector: .js-add-a-card
23:14:24 INFO  c.t.q.s.tests.TestBase$MyListener - Element By.cssSelector: .js-add-a-card found
23:14:24 INFO  c.t.q.s.tests.TestBase$MyListener - Start search element By.cssSelector: .js-card-title
23:14:24 INFO  c.t.q.s.tests.TestBase$MyListener - Element By.cssSelector: .js-card-title found
23:14:25 INFO  c.t.q.s.tests.TestBase$MyListener - Start search element By.cssSelector: .js-card-title
23:14:25 INFO  c.t.q.s.tests.TestBase$MyListener - Element By.cssSelector: .js-card-title found
23:14:25 INFO  c.t.q.s.tests.TestBase$MyListener - Start search element By.cssSelector: .js-card-title
23:14:25 INFO  c.t.q.s.tests.TestBase$MyListener - Element By.cssSelector: .js-card-title found
23:14:25 INFO  c.t.q.s.tests.TestBase$MyListener - Start search element By.cssSelector: .js-cc-menu
23:14:25 INFO  c.t.q.s.tests.TestBase$MyListener - Element By.cssSelector: .js-cc-menu found
23:14:25 INFO  c.t.q.s.tests.TestBase$MyListener - Start search element By.cssSelector: .js-label-selector
23:14:25 INFO  c.t.q.s.tests.TestBase$MyListener - Element By.cssSelector: .js-label-selector found
23:14:25 INFO  c.t.q.s.tests.TestBase$MyListener - Start search element By.cssSelector: .card-label-red
23:14:25 INFO  c.t.q.s.tests.TestBase$MyListener - Element By.cssSelector: .card-label-red found
23:14:25 INFO  c.t.q.s.tests.TestBase$MyListener - Start search element By.cssSelector: input[value='Add card']
23:14:25 INFO  c.t.q.s.tests.TestBase$MyListener - Element By.cssSelector: input[value='Add card'] found
23:14:25 INFO  c.telran.qa28.skelon.tests.TestBase - Test testCardCreationDP finished
23:14:25 INFO  c.telran.qa28.skelon.tests.TestBase - Test testCardCreationDP started with parametres - [123456, green]
23:14:25 INFO  c.t.q.s.tests.TestBase$MyListener - Start search element By.xpath: //*[@data-test-id='header-member-menu-button']
23:14:25 INFO  c.t.q.s.tests.TestBase$MyListener - Element By.xpath: //*[@data-test-id='header-member-menu-button'] found
23:14:25 INFO  c.t.q.s.tests.TestBase$MyListener - Start search element By.xpath: //*[contains(@class, 'boards-page-board-section-header-icon-default-image')]/../../../..//li
23:14:35 INFO  c.t.q.s.tests.TestBase$MyListener - Element By.xpath: //*[contains(@class, 'boards-page-board-section-header-icon-default-image')]/../../../..//li found
23:14:35 INFO  c.t.q.s.tests.TestBase$MyListener - Start search element By.cssSelector: [aria-label='HouseIcon']
23:14:35 INFO  c.t.q.s.tests.TestBase$MyListener - Element By.cssSelector: [aria-label='HouseIcon'] found
23:14:35 INFO  c.t.q.s.tests.TestBase$MyListener - Start search element By.cssSelector: [aria-label='HouseIcon']
23:14:35 INFO  c.t.q.s.tests.TestBase$MyListener - Element By.cssSelector: [aria-label='HouseIcon'] found
23:14:39 INFO  c.t.q.s.tests.TestBase$MyListener - Start search element By.xpath: //*[contains(@class, 'boards-page-board-section-header-icon-default-image')]/../../../..//li
23:14:39 INFO  c.t.q.s.tests.TestBase$MyListener - Element By.xpath: //*[contains(@class, 'boards-page-board-section-header-icon-default-image')]/../../../..//li found
23:14:39 INFO  c.t.q.s.tests.TestBase$MyListener - Start search element By.xpath: //*[contains(@class, 'boards-page-board-section-header-icon-default-image')]/../../../..//li
23:14:39 INFO  c.t.q.s.tests.TestBase$MyListener - Element By.xpath: //*[contains(@class, 'boards-page-board-section-header-icon-default-image')]/../../../..//li found
23:14:39 INFO  c.t.q.s.tests.TestBase$MyListener - Start search element By.cssSelector: .placeholder
23:14:40 INFO  c.t.q.s.tests.TestBase$MyListener - Element By.cssSelector: .placeholder found
23:14:40 INFO  c.t.q.s.tests.TestBase$MyListener - Start search element By.cssSelector: .js-add-a-card
23:14:40 INFO  c.t.q.s.tests.TestBase$MyListener - Element By.cssSelector: .js-add-a-card found
23:14:40 INFO  c.t.q.s.tests.TestBase$MyListener - Start search element By.cssSelector: .js-card-title
23:14:40 INFO  c.t.q.s.tests.TestBase$MyListener - Element By.cssSelector: .js-card-title found
23:14:40 INFO  c.t.q.s.tests.TestBase$MyListener - Start search element By.cssSelector: .js-card-title
23:14:40 INFO  c.t.q.s.tests.TestBase$MyListener - Element By.cssSelector: .js-card-title found
23:14:41 INFO  c.t.q.s.tests.TestBase$MyListener - Start search element By.cssSelector: .js-card-title
23:14:41 INFO  c.t.q.s.tests.TestBase$MyListener - Element By.cssSelector: .js-card-title found
23:14:41 INFO  c.t.q.s.tests.TestBase$MyListener - Start search element By.cssSelector: .js-cc-menu
23:14:41 INFO  c.t.q.s.tests.TestBase$MyListener - Element By.cssSelector: .js-cc-menu found
23:14:41 INFO  c.t.q.s.tests.TestBase$MyListener - Start search element By.cssSelector: .js-label-selector
23:14:41 INFO  c.t.q.s.tests.TestBase$MyListener - Element By.cssSelector: .js-label-selector found
23:14:41 INFO  c.t.q.s.tests.TestBase$MyListener - Start search element By.cssSelector: .card-label-green
23:14:41 INFO  c.t.q.s.tests.TestBase$MyListener - Element By.cssSelector: .card-label-green found
23:14:41 INFO  c.t.q.s.tests.TestBase$MyListener - Start search element By.cssSelector: input[value='Add card']
23:14:41 INFO  c.t.q.s.tests.TestBase$MyListener - Element By.cssSelector: input[value='Add card'] found
23:14:41 INFO  c.telran.qa28.skelon.tests.TestBase - Test testCardCreationDP finished
]]></system-out>
  <system-err><![CDATA[]]></system-err>
</testsuite>
